{"/Users/iramd24/Workspace/Travel_Plan/Dijkstra.js": {"path":"/Users/iramd24/Workspace/Travel_Plan/Dijkstra.js","statementMap":{"0":{"start":{"line":4,"column":19},"end":{"line":4,"column":21}},"1":{"start":{"line":5,"column":4},"end":{"line":7,"column":5}},"2":{"start":{"line":5,"column":16},"end":{"line":5,"column":17}},"3":{"start":{"line":6,"column":8},"end":{"line":6,"column":26}},"4":{"start":{"line":8,"column":4},"end":{"line":11,"column":5}},"5":{"start":{"line":8,"column":16},"end":{"line":8,"column":17}},"6":{"start":{"line":9,"column":8},"end":{"line":9,"column":50}},"7":{"start":{"line":10,"column":8},"end":{"line":10,"column":50}},"8":{"start":{"line":12,"column":4},"end":{"line":12,"column":20}},"9":{"start":{"line":16,"column":14},"end":{"line":16,"column":30}},"10":{"start":{"line":17,"column":15},"end":{"line":17,"column":17}},"11":{"start":{"line":18,"column":4},"end":{"line":19,"column":30}},"12":{"start":{"line":18,"column":14},"end":{"line":18,"column":15}},"13":{"start":{"line":19,"column":8},"end":{"line":19,"column":30}},"14":{"start":{"line":20,"column":4},"end":{"line":20,"column":21}},"15":{"start":{"line":22,"column":4},"end":{"line":39,"column":5}},"16":{"start":{"line":22,"column":14},"end":{"line":22,"column":15}},"17":{"start":{"line":23,"column":17},"end":{"line":23,"column":19}},"18":{"start":{"line":24,"column":8},"end":{"line":29,"column":9}},"19":{"start":{"line":24,"column":18},"end":{"line":24,"column":19}},"20":{"start":{"line":25,"column":12},"end":{"line":28,"column":13}},"21":{"start":{"line":26,"column":16},"end":{"line":27,"column":27}},"22":{"start":{"line":27,"column":20},"end":{"line":27,"column":27}},"23":{"start":{"line":31,"column":8},"end":{"line":31,"column":20}},"24":{"start":{"line":32,"column":8},"end":{"line":38,"column":9}},"25":{"start":{"line":32,"column":18},"end":{"line":32,"column":19}},"26":{"start":{"line":33,"column":23},"end":{"line":33,"column":35}},"27":{"start":{"line":34,"column":12},"end":{"line":37,"column":13}},"28":{"start":{"line":35,"column":16},"end":{"line":35,"column":55}},"29":{"start":{"line":36,"column":16},"end":{"line":36,"column":38}},"30":{"start":{"line":41,"column":4},"end":{"line":41,"column":16}},"31":{"start":{"line":54,"column":0},"end":{"line":57,"column":2}}},"fnMap":{"0":{"name":"createGraph","decl":{"start":{"line":1,"column":9},"end":{"line":1,"column":20}},"loc":{"start":{"line":1,"column":25},"end":{"line":13,"column":1}},"line":1},"1":{"name":"dijkstra","decl":{"start":{"line":15,"column":9},"end":{"line":15,"column":17}},"loc":{"start":{"line":15,"column":33},"end":{"line":42,"column":1}},"line":15}},"branchMap":{"0":{"loc":{"start":{"line":25,"column":12},"end":{"line":28,"column":13}},"type":"if","locations":[{"start":{"line":25,"column":12},"end":{"line":28,"column":13}},{"start":{},"end":{}}],"line":25},"1":{"loc":{"start":{"line":26,"column":16},"end":{"line":27,"column":27}},"type":"if","locations":[{"start":{"line":26,"column":16},"end":{"line":27,"column":27}},{"start":{},"end":{}}],"line":26},"2":{"loc":{"start":{"line":26,"column":19},"end":{"line":26,"column":52}},"type":"binary-expr","locations":[{"start":{"line":26,"column":19},"end":{"line":26,"column":26}},{"start":{"line":26,"column":30},"end":{"line":26,"column":52}}],"line":26},"3":{"loc":{"start":{"line":34,"column":12},"end":{"line":37,"column":13}},"type":"if","locations":[{"start":{"line":34,"column":12},"end":{"line":37,"column":13}},{"start":{},"end":{}}],"line":34},"4":{"loc":{"start":{"line":34,"column":15},"end":{"line":34,"column":71}},"type":"binary-expr","locations":[{"start":{"line":34,"column":15},"end":{"line":34,"column":31}},{"start":{"line":34,"column":35},"end":{"line":34,"column":71}}],"line":34}},"s":{"0":1,"1":1,"2":1,"3":9,"4":1,"5":1,"6":14,"7":14,"8":1,"9":1,"10":1,"11":1,"12":1,"13":9,"14":1,"15":1,"16":1,"17":8,"18":8,"19":8,"20":72,"21":44,"22":12,"23":8,"24":8,"25":8,"26":26,"27":26,"28":10,"29":10,"30":1,"31":1},"f":{"0":1,"1":1},"b":{"0":[44,28],"1":[12,32],"2":[44,36],"3":[10,16],"4":[26,14]},"_coverageSchema":"1a1c01bbd47fc00a2c39e90264f33305004495a9","hash":"ab60b4df805ba527182b42cdfe970814be7168a6"}
,"/Users/iramd24/Workspace/Travel_Plan/Graph.js": {"path":"/Users/iramd24/Workspace/Travel_Plan/Graph.js","statementMap":{"0":{"start":{"line":2,"column":25},"end":{"line":2,"column":27}},"1":{"start":{"line":4,"column":4},"end":{"line":6,"column":5}},"2":{"start":{"line":4,"column":15},"end":{"line":4,"column":16}},"3":{"start":{"line":5,"column":8},"end":{"line":5,"column":32}},"4":{"start":{"line":8,"column":4},"end":{"line":11,"column":5}},"5":{"start":{"line":8,"column":15},"end":{"line":8,"column":16}},"6":{"start":{"line":9,"column":8},"end":{"line":9,"column":61}},"7":{"start":{"line":10,"column":8},"end":{"line":10,"column":61}},"8":{"start":{"line":13,"column":4},"end":{"line":13,"column":26}},"9":{"start":{"line":25,"column":0},"end":{"line":25,"column":29}}},"fnMap":{"0":{"name":"createGraph","decl":{"start":{"line":1,"column":9},"end":{"line":1,"column":20}},"loc":{"start":{"line":1,"column":26},"end":{"line":14,"column":1}},"line":1}},"branchMap":{},"s":{"0":1,"1":1,"2":1,"3":6,"4":1,"5":1,"6":4,"7":4,"8":1,"9":1},"f":{"0":1},"b":{},"_coverageSchema":"1a1c01bbd47fc00a2c39e90264f33305004495a9","hash":"26c9e8fe0bfdfed9603fabb4eb34e0df564b125e"}
,"/Users/iramd24/Workspace/Travel_Plan/Practice/script.js": {"path":"/Users/iramd24/Workspace/Travel_Plan/Practice/script.js","statementMap":{"0":{"start":{"line":1,"column":0},"end":{"line":41,"column":2}},"1":{"start":{"line":4,"column":22},"end":{"line":4,"column":58}},"2":{"start":{"line":5,"column":19},"end":{"line":5,"column":60}},"3":{"start":{"line":8,"column":20},"end":{"line":28,"column":5}},"4":{"start":{"line":31,"column":20},"end":{"line":31,"column":46}},"5":{"start":{"line":32,"column":4},"end":{"line":32,"column":32}},"6":{"start":{"line":34,"column":4},"end":{"line":38,"column":6}},"7":{"start":{"line":36,"column":19},"end":{"line":36,"column":31}},"8":{"start":{"line":37,"column":8},"end":{"line":37,"column":30}},"9":{"start":{"line":40,"column":4},"end":{"line":40,"column":19}},"10":{"start":{"line":44,"column":19},"end":{"line":44,"column":125}},"11":{"start":{"line":47,"column":14},"end":{"line":47,"column":59}},"12":{"start":{"line":50,"column":19},"end":{"line":50,"column":21}},"13":{"start":{"line":51,"column":4},"end":{"line":53,"column":5}},"14":{"start":{"line":51,"column":14},"end":{"line":51,"column":15}},"15":{"start":{"line":52,"column":8},"end":{"line":52,"column":50}},"16":{"start":{"line":56,"column":16},"end":{"line":56,"column":18}},"17":{"start":{"line":57,"column":4},"end":{"line":63,"column":5}},"18":{"start":{"line":57,"column":14},"end":{"line":57,"column":15}},"19":{"start":{"line":59,"column":20},"end":{"line":59,"column":47}},"20":{"start":{"line":62,"column":8},"end":{"line":62,"column":105}},"21":{"start":{"line":66,"column":17},"end":{"line":69,"column":5}},"22":{"start":{"line":70,"column":4},"end":{"line":70,"column":16}},"23":{"start":{"line":73,"column":0},"end":{"line":73,"column":28}}},"fnMap":{"0":{"name":"(anonymous_0)","decl":{"start":{"line":1,"column":9},"end":{"line":1,"column":10}},"loc":{"start":{"line":1,"column":21},"end":{"line":41,"column":1}},"line":1},"1":{"name":"(anonymous_1)","decl":{"start":{"line":34,"column":21},"end":{"line":34,"column":22}},"loc":{"start":{"line":34,"column":33},"end":{"line":38,"column":5}},"line":34},"2":{"name":"createData","decl":{"start":{"line":43,"column":9},"end":{"line":43,"column":19}},"loc":{"start":{"line":43,"column":21},"end":{"line":71,"column":1}},"line":43}},"branchMap":{},"s":{"0":1,"1":0,"2":0,"3":0,"4":0,"5":0,"6":0,"7":0,"8":0,"9":0,"10":1,"11":1,"12":1,"13":1,"14":1,"15":4,"16":1,"17":1,"18":1,"19":3,"20":3,"21":1,"22":1,"23":1},"f":{"0":0,"1":0,"2":1},"b":{},"_coverageSchema":"1a1c01bbd47fc00a2c39e90264f33305004495a9","hash":"5adc6d9da333d60cc9f14906596a7ffc4d870e02"}
}
