TN:
SF:Dijkstra.js
FN:1,createGraph
FN:15,dijkstra
FNF:2
FNH:2
FNDA:1,createGraph
FNDA:1,dijkstra
DA:4,1
DA:5,1
DA:6,9
DA:8,1
DA:9,14
DA:10,14
DA:12,1
DA:16,1
DA:17,1
DA:18,1
DA:19,9
DA:20,1
DA:22,1
DA:23,8
DA:24,8
DA:25,72
DA:26,44
DA:27,12
DA:31,8
DA:32,8
DA:33,26
DA:34,26
DA:35,10
DA:36,10
DA:41,1
DA:54,1
LF:26
LH:26
BRDA:25,0,0,44
BRDA:25,0,1,28
BRDA:26,1,0,12
BRDA:26,1,1,32
BRDA:26,2,0,44
BRDA:26,2,1,36
BRDA:34,3,0,10
BRDA:34,3,1,16
BRDA:34,4,0,26
BRDA:34,4,1,14
BRF:10
BRH:10
end_of_record
TN:
SF:Graph.js
FN:1,createGraph
FNF:1
FNH:1
FNDA:1,createGraph
DA:2,1
DA:4,1
DA:5,6
DA:8,1
DA:9,4
DA:10,4
DA:13,1
DA:25,1
LF:8
LH:8
BRF:0
BRH:0
end_of_record
TN:
SF:Practice/script.js
FN:1,(anonymous_0)
FN:34,(anonymous_1)
FN:43,createData
FNF:3
FNH:1
FNDA:0,(anonymous_0)
FNDA:0,(anonymous_1)
FNDA:1,createData
DA:1,1
DA:4,0
DA:5,0
DA:8,0
DA:31,0
DA:32,0
DA:34,0
DA:36,0
DA:37,0
DA:40,0
DA:44,1
DA:47,1
DA:50,1
DA:51,1
DA:52,4
DA:56,1
DA:57,1
DA:59,3
DA:62,3
DA:66,1
DA:70,1
DA:73,1
LF:22
LH:13
BRF:0
BRH:0
end_of_record
